[     306ms] [INFO] %cDownload the React DevTools for a better development experience: https://react.dev/link/react-devtools font-weight:bold @ http://localhost:3001/_next/static/chunks/86321_next_dist_9041aadd._.js:1053
[     324ms] [LOG] [HMR] connected @ http://localhost:3001/_next/static/chunks/86321_next_dist_9041aadd._.js:1053
[     465ms] [LOG] %c█▄▄ █▀▀ ▀█▀ ▀█▀ █▀▀ █▀█
█▄█ █▄▄  █   █  █▄▄ █▀▄

%c⛓️ Just a Better Chatbot
https://github.com/cgoinglove/better-chatbot color: #00d4ff; font-weight: bold; font-family: monospace; font-size: 16px; text-shadow: 0 0 10px #00d4ff; color: #888; font-size: 12px; @ http://localhost:3001/_next/static/chunks/86321_next_dist_9041aadd._.js:1053
[     468ms] [LOG] %c█▄▄ █▀▀ ▀█▀ ▀█▀ █▀▀ █▀█
█▄█ █▄▄  █   █  █▄▄ █▀▄

%c⛓️ Just a Better Chatbot
https://github.com/cgoinglove/better-chatbot color: #00d4ff; font-weight: bold; font-family: monospace; font-size: 16px; text-shadow: 0 0 10px #00d4ff; color: #888; font-size: 12px; @ http://localhost:3001/_next/static/chunks/86321_next_dist_9041aadd._.js:1053
[  180022ms] [LOG] [Fast Refresh] rebuilding @ http://localhost:3001/_next/static/chunks/86321_next_dist_9041aadd._.js:1053
[  180538ms] [LOG] [Fast Refresh] done in 69ms @ http://localhost:3001/_next/static/chunks/86321_next_dist_9041aadd._.js:1053
[  181617ms] [LOG] %c█▄▄ █▀▀ ▀█▀ ▀█▀ █▀▀ █▀█
█▄█ █▄▄  █   █  █▄▄ █▀▄

%c⛓️ Just a Better Chatbot
https://github.com/cgoinglove/better-chatbot color: #00d4ff; font-weight: bold; font-family: monospace; font-size: 16px; text-shadow: 0 0 10px #00d4ff; color: #888; font-size: 12px; @ http://localhost:3001/_next/static/chunks/86321_next_dist_9041aadd._.js:1053
[  181618ms] [LOG] %c█▄▄ █▀▀ ▀█▀ ▀█▀ █▀▀ █▀█
█▄█ █▄▄  █   █  █▄▄ █▀▄

%c⛓️ Just a Better Chatbot
https://github.com/cgoinglove/better-chatbot color: #00d4ff; font-weight: bold; font-family: monospace; font-size: 16px; text-shadow: 0 0 10px #00d4ff; color: #888; font-size: 12px; @ http://localhost:3001/_next/static/chunks/86321_next_dist_9041aadd._.js:1053
[  181764ms] [LOG] [Fast Refresh] rebuilding @ http://localhost:3001/_next/static/chunks/86321_next_dist_9041aadd._.js:1053
[  182133ms] [LOG] [Fast Refresh] done in 471ms @ http://localhost:3001/_next/static/chunks/86321_next_dist_9041aadd._.js:1053
