[     121ms] [INFO] %cDownload the React DevTools for a better development experience: https://react.dev/link/react-devtools font-weight:bold @ http://localhost:3001/_next/static/chunks/86321_next_dist_9041aadd._.js:1053
[     133ms] [LOG] [HMR] connected @ http://localhost:3001/_next/static/chunks/86321_next_dist_9041aadd._.js:1053
[     480ms] [LOG] %c█▄▄ █▀▀ ▀█▀ ▀█▀ █▀▀ █▀█
█▄█ █▄▄  █   █  █▄▄ █▀▄

%c⛓️ Just a Better Chatbot
https://github.com/cgoinglove/better-chatbot color: #00d4ff; font-weight: bold; font-family: monospace; font-size: 16px; text-shadow: 0 0 10px #00d4ff; color: #888; font-size: 12px; @ http://localhost:3001/_next/static/chunks/86321_next_dist_9041aadd._.js:1053
[     485ms] [LOG] %c█▄▄ █▀▀ ▀█▀ ▀█▀ █▀▀ █▀█
█▄█ █▄▄  █   █  █▄▄ █▀▄

%c⛓️ Just a Better Chatbot
https://github.com/cgoinglove/better-chatbot color: #00d4ff; font-weight: bold; font-family: monospace; font-size: 16px; text-shadow: 0 0 10px #00d4ff; color: #888; font-size: 12px; @ http://localhost:3001/_next/static/chunks/86321_next_dist_9041aadd._.js:1053
[   25505ms] [LOG] [Fast Refresh] rebuilding @ http://localhost:3001/_next/static/chunks/86321_next_dist_9041aadd._.js:1053
[   25524ms] [ERROR] Failed to load resource: the server responded with a status of 500 (Internal Server Error) @ http://localhost:3001/api/auth/sign-out:0
[   25524ms] [LOG] [Fast Refresh] done in 122ms @ http://localhost:3001/_next/static/chunks/86321_next_dist_9041aadd._.js:1053
[   37698ms] [ERROR] Failed to load resource: the server responded with a status of 404 (Not Found) @ http://localhost:3001/api/auth/sign-out:0
[   37829ms] [INFO] %cDownload the React DevTools for a better development experience: https://react.dev/link/react-devtools font-weight:bold @ http://localhost:3001/_next/static/chunks/86321_next_dist_9041aadd._.js:1053
[   37840ms] [LOG] [HMR] connected @ http://localhost:3001/_next/static/chunks/86321_next_dist_9041aadd._.js:1053
[   38162ms] [LOG] %c█▄▄ █▀▀ ▀█▀ ▀█▀ █▀▀ █▀█
█▄█ █▄▄  █   █  █▄▄ █▀▄

%c⛓️ Just a Better Chatbot
https://github.com/cgoinglove/better-chatbot color: #00d4ff; font-weight: bold; font-family: monospace; font-size: 16px; text-shadow: 0 0 10px #00d4ff; color: #888; font-size: 12px; @ http://localhost:3001/_next/static/chunks/86321_next_dist_9041aadd._.js:1053
[   38167ms] [LOG] %c█▄▄ █▀▀ ▀█▀ ▀█▀ █▀▀ █▀█
█▄█ █▄▄  █   █  █▄▄ █▀▄

%c⛓️ Just a Better Chatbot
https://github.com/cgoinglove/better-chatbot color: #00d4ff; font-weight: bold; font-family: monospace; font-size: 16px; text-shadow: 0 0 10px #00d4ff; color: #888; font-size: 12px; @ http://localhost:3001/_next/static/chunks/86321_next_dist_9041aadd._.js:1053
