[     155ms] [LOG] [Fast Refresh] rebuilding @ http://localhost:3001/_next/static/chunks/86321_next_dist_9041aadd._.js:1053
[     434ms] [LOG] [Fast Refresh] done in 379ms @ http://localhost:3001/_next/static/chunks/86321_next_dist_9041aadd._.js:1053
[    2203ms] [INFO] %cDownload the React DevTools for a better development experience: https://react.dev/link/react-devtools font-weight:bold @ http://localhost:3001/_next/static/chunks/86321_next_dist_9041aadd._.js:1053
[    2216ms] [LOG] [HMR] connected @ http://localhost:3001/_next/static/chunks/86321_next_dist_9041aadd._.js:1053
[    2427ms] [LOG] %c‚Ėą‚ĖĄ‚ĖĄ ‚Ėą‚ĖÄ‚ĖÄ ‚ĖÄ‚Ėą‚ĖÄ ‚ĖÄ‚Ėą‚ĖÄ ‚Ėą‚ĖÄ‚ĖÄ ‚Ėą‚ĖÄ‚Ėą
‚Ėą‚ĖĄ‚Ėą ‚Ėą‚ĖĄ‚ĖĄ  ‚Ėą   ‚Ėą  ‚Ėą‚ĖĄ‚ĖĄ ‚Ėą‚ĖÄ‚ĖĄ

%c‚õďÔłŹ Just a Better Chatbot
https://github.com/cgoinglove/better-chatbot color: #00d4ff; font-weight: bold; font-family: monospace; font-size: 16px; text-shadow: 0 0 10px #00d4ff; color: #888; font-size: 12px; @ http://localhost:3001/_next/static/chunks/86321_next_dist_9041aadd._.js:1053
[    2429ms] [LOG] %c‚Ėą‚ĖĄ‚ĖĄ ‚Ėą‚ĖÄ‚ĖÄ ‚ĖÄ‚Ėą‚ĖÄ ‚ĖÄ‚Ėą‚ĖÄ ‚Ėą‚ĖÄ‚ĖÄ ‚Ėą‚ĖÄ‚Ėą
‚Ėą‚ĖĄ‚Ėą ‚Ėą‚ĖĄ‚ĖĄ  ‚Ėą   ‚Ėą  ‚Ėą‚ĖĄ‚ĖĄ ‚Ėą‚ĖÄ‚ĖĄ

%c‚õďÔłŹ Just a Better Chatbot
https://github.com/cgoinglove/better-chatbot color: #00d4ff; font-weight: bold; font-family: monospace; font-size: 16px; text-shadow: 0 0 10px #00d4ff; color: #888; font-size: 12px; @ http://localhost:3001/_next/static/chunks/86321_next_dist_9041aadd._.js:1053
[    2482ms] [LOG] [Fast Refresh] rebuilding @ http://localhost:3001/_next/static/chunks/86321_next_dist_9041aadd._.js:1053
[    2639ms] [LOG] [Fast Refresh] done in 264ms @ http://localhost:3001/_next/static/chunks/86321_next_dist_9041aadd._.js:1053
[    2768ms] [LOG] [Fast Refresh] rebuilding @ http://localhost:3001/_next/static/chunks/86321_next_dist_9041aadd._.js:1053
[    2911ms] [LOG] [Fast Refresh] done in 245ms @ http://localhost:3001/_next/static/chunks/86321_next_dist_9041aadd._.js:1053
[    3141ms] [LOG] [Fast Refresh] rebuilding @ http://localhost:3001/_next/static/chunks/86321_next_dist_9041aadd._.js:1053
[    3374ms] [LOG] [Fast Refresh] done in 335ms @ http://localhost:3001/_next/static/chunks/86321_next_dist_9041aadd._.js:1053
[    3514ms] [LOG] [Fast Refresh] rebuilding @ http://localhost:3001/_next/static/chunks/86321_next_dist_9041aadd._.js:1053
[    3624ms] [LOG] [Fast Refresh] done in 211ms @ http://localhost:3001/_next/static/chunks/86321_next_dist_9041aadd._.js:1053
[   72212ms] [LOG] [Fast Refresh] rebuilding @ http://localhost:3001/_next/static/chunks/86321_next_dist_9041aadd._.js:1053
[   72241ms] [LOG] [Fast Refresh] done in 130ms @ http://localhost:3001/_next/static/chunks/86321_next_dist_9041aadd._.js:1053
[   84369ms] [LOG] [Fast Refresh] rebuilding @ http://localhost:3001/_next/static/chunks/86321_next_dist_9041aadd._.js:1053
[   84884ms] [LOG] [Fast Refresh] done in 58ms @ http://localhost:3001/_next/static/chunks/86321_next_dist_9041aadd._.js:1053
[   85686ms] [LOG] %c‚Ėą‚ĖĄ‚ĖĄ ‚Ėą‚ĖÄ‚ĖÄ ‚ĖÄ‚Ėą‚ĖÄ ‚ĖÄ‚Ėą‚ĖÄ ‚Ėą‚ĖÄ‚ĖÄ ‚Ėą‚ĖÄ‚Ėą
‚Ėą‚ĖĄ‚Ėą ‚Ėą‚ĖĄ‚ĖĄ  ‚Ėą   ‚Ėą  ‚Ėą‚ĖĄ‚ĖĄ ‚Ėą‚ĖÄ‚ĖĄ

%c‚õďÔłŹ Just a Better Chatbot
https://github.com/cgoinglove/better-chatbot color: #00d4ff; font-weight: bold; font-family: monospace; font-size: 16px; text-shadow: 0 0 10px #00d4ff; color: #888; font-size: 12px; @ http://localhost:3001/_next/static/chunks/86321_next_dist_9041aadd._.js:1053
[   85688ms] [LOG] %c‚Ėą‚ĖĄ‚ĖĄ ‚Ėą‚ĖÄ‚ĖÄ ‚ĖÄ‚Ėą‚ĖÄ ‚ĖÄ‚Ėą‚ĖÄ ‚Ėą‚ĖÄ‚ĖÄ ‚Ėą‚ĖÄ‚Ėą
‚Ėą‚ĖĄ‚Ėą ‚Ėą‚ĖĄ‚ĖĄ  ‚Ėą   ‚Ėą  ‚Ėą‚ĖĄ‚ĖĄ ‚Ėą‚ĖÄ‚ĖĄ

%c‚õďÔłŹ Just a Better Chatbot
https://github.com/cgoinglove/better-chatbot color: #00d4ff; font-weight: bold; font-family: monospace; font-size: 16px; text-shadow: 0 0 10px #00d4ff; color: #888; font-size: 12px; @ http://localhost:3001/_next/static/chunks/86321_next_dist_9041aadd._.js:1053
[   85929ms] [LOG] [Fast Refresh] rebuilding @ http://localhost:3001/_next/static/chunks/86321_next_dist_9041aadd._.js:1053
[   85961ms] [LOG] [Fast Refresh] done in 134ms @ http://localhost:3001/_next/static/chunks/86321_next_dist_9041aadd._.js:1053
[   89721ms] [LOG] [Fast Refresh] rebuilding @ http://localhost:3001/_next/static/chunks/86321_next_dist_9041aadd._.js:1053
[   90428ms] [LOG] [Fast Refresh] done in 414ms @ http://localhost:3001/_next/static/chunks/86321_next_dist_9041aadd._.js:1053
[   91143ms] [LOG] %c‚Ėą‚ĖĄ‚ĖĄ ‚Ėą‚ĖÄ‚ĖÄ ‚ĖÄ‚Ėą‚ĖÄ ‚ĖÄ‚Ėą‚ĖÄ ‚Ėą‚ĖÄ‚ĖÄ ‚Ėą‚ĖÄ‚Ėą
‚Ėą‚ĖĄ‚Ėą ‚Ėą‚ĖĄ‚ĖĄ  ‚Ėą   ‚Ėą  ‚Ėą‚ĖĄ‚ĖĄ ‚Ėą‚ĖÄ‚ĖĄ

%c‚õďÔłŹ Just a Better Chatbot
https://github.com/cgoinglove/better-chatbot color: #00d4ff; font-weight: bold; font-family: monospace; font-size: 16px; text-shadow: 0 0 10px #00d4ff; color: #888; font-size: 12px; @ http://localhost:3001/_next/static/chunks/86321_next_dist_9041aadd._.js:1053
[   91144ms] [LOG] %c‚Ėą‚ĖĄ‚ĖĄ ‚Ėą‚ĖÄ‚ĖÄ ‚ĖÄ‚Ėą‚ĖÄ ‚ĖÄ‚Ėą‚ĖÄ ‚Ėą‚ĖÄ‚ĖÄ ‚Ėą‚ĖÄ‚Ėą
‚Ėą‚ĖĄ‚Ėą ‚Ėą‚ĖĄ‚ĖĄ  ‚Ėą   ‚Ėą  ‚Ėą‚ĖĄ‚ĖĄ ‚Ėą‚ĖÄ‚ĖĄ

%c‚õďÔłŹ Just a Better Chatbot
https://github.com/cgoinglove/better-chatbot color: #00d4ff; font-weight: bold; font-family: monospace; font-size: 16px; text-shadow: 0 0 10px #00d4ff; color: #888; font-size: 12px; @ http://localhost:3001/_next/static/chunks/86321_next_dist_9041aadd._.js:1053
[  103240ms] [LOG] [Fast Refresh] rebuilding @ http://localhost:3001/_next/static/chunks/86321_next_dist_9041aadd._.js:1053
[  103287ms] [WARNING] [Fast Refresh] performing full reload

Fast Refresh will perform a full reload when you edit a file that's imported by modules outside of the React rendering tree.
You might have a file which exports a React component but also exports a value that is imported by a non-React component file.
Consider migrating the non-React component export to a separate file and importing it into both files.

It is also possible the parent component of the component you edited is a class component, which disables Fast Refresh.
Fast Refresh requires at least one parent function component in your React tree. @ http://localhost:3001/_next/static/chunks/86321_next_dist_9041aadd._.js:1053
[  103381ms] [LOG] [Fast Refresh] done in 231ms @ http://localhost:3001/_next/static/chunks/86321_next_dist_9041aadd._.js:1053
[  103486ms] [LOG] [Fast Refresh] rebuilding @ http://localhost:3001/_next/static/chunks/86321_next_dist_9041aadd._.js:1053
[  103769ms] [LOG] [Fast Refresh] done in 386ms @ http://localhost:3001/_next/static/chunks/86321_next_dist_9041aadd._.js:1053
[  104576ms] [INFO] %cDownload the React DevTools for a better development experience: https://react.dev/link/react-devtools font-weight:bold @ http://localhost:3001/_next/static/chunks/86321_next_dist_9041aadd._.js:1053
[  104610ms] [LOG] [HMR] connected @ http://localhost:3001/_next/static/chunks/86321_next_dist_9041aadd._.js:1053
[  104871ms] [LOG] %c‚Ėą‚ĖĄ‚ĖĄ ‚Ėą‚ĖÄ‚ĖÄ ‚ĖÄ‚Ėą‚ĖÄ ‚ĖÄ‚Ėą‚ĖÄ ‚Ėą‚ĖÄ‚ĖÄ ‚Ėą‚ĖÄ‚Ėą
‚Ėą‚ĖĄ‚Ėą ‚Ėą‚ĖĄ‚ĖĄ  ‚Ėą   ‚Ėą  ‚Ėą‚ĖĄ‚ĖĄ ‚Ėą‚ĖÄ‚ĖĄ

%c‚õďÔłŹ Just a Better Chatbot
https://github.com/cgoinglove/better-chatbot color: #00d4ff; font-weight: bold; font-family: monospace; font-size: 16px; text-shadow: 0 0 10px #00d4ff; color: #888; font-size: 12px; @ http://localhost:3001/_next/static/chunks/86321_next_dist_9041aadd._.js:1053
[  104874ms] [LOG] %c‚Ėą‚ĖĄ‚ĖĄ ‚Ėą‚ĖÄ‚ĖÄ ‚ĖÄ‚Ėą‚ĖÄ ‚ĖÄ‚Ėą‚ĖÄ ‚Ėą‚ĖÄ‚ĖÄ ‚Ėą‚ĖÄ‚Ėą
‚Ėą‚ĖĄ‚Ėą ‚Ėą‚ĖĄ‚ĖĄ  ‚Ėą   ‚Ėą  ‚Ėą‚ĖĄ‚ĖĄ ‚Ėą‚ĖÄ‚ĖĄ

%c‚õďÔłŹ Just a Better Chatbot
https://github.com/cgoinglove/better-chatbot color: #00d4ff; font-weight: bold; font-family: monospace; font-size: 16px; text-shadow: 0 0 10px #00d4ff; color: #888; font-size: 12px; @ http://localhost:3001/_next/static/chunks/86321_next_dist_9041aadd._.js:1053
[  104933ms] [LOG] [Fast Refresh] rebuilding @ http://localhost:3001/_next/static/chunks/86321_next_dist_9041aadd._.js:1053
[  105161ms] [LOG] [Fast Refresh] done in 334ms @ http://localhost:3001/_next/static/chunks/86321_next_dist_9041aadd._.js:1053
[  105285ms] [LOG] [Fast Refresh] rebuilding @ http://localhost:3001/_next/static/chunks/86321_next_dist_9041aadd._.js:1053
[  105370ms] [LOG] [Fast Refresh] done in 185ms @ http://localhost:3001/_next/static/chunks/86321_next_dist_9041aadd._.js:1053
[  105595ms] [LOG] [Fast Refresh] rebuilding @ http://localhost:3001/_next/static/chunks/86321_next_dist_9041aadd._.js:1053
[  105662ms] [LOG] [Fast Refresh] done in 169ms @ http://localhost:3001/_next/static/chunks/86321_next_dist_9041aadd._.js:1053
