[     718ms] [INFO] %cDownload the React DevTools for a better development experience: https://react.dev/link/react-devtools font-weight:bold @ http://localhost:3001/_next/static/chunks/86321_next_dist_9041aadd._.js:1053
[     771ms] [LOG] [HMR] connected @ http://localhost:3001/_next/static/chunks/86321_next_dist_9041aadd._.js:1053
[     973ms] [LOG] [Fast Refresh] rebuilding @ http://localhost:3001/_next/static/chunks/86321_next_dist_9041aadd._.js:1053
[    1656ms] [LOG] [Fast Refresh] done in 786ms @ http://localhost:3001/_next/static/chunks/86321_next_dist_9041aadd._.js:1053
[    2186ms] [LOG] %c‚Ėą‚ĖĄ‚ĖĄ ‚Ėą‚ĖÄ‚ĖÄ ‚ĖÄ‚Ėą‚ĖÄ ‚ĖÄ‚Ėą‚ĖÄ ‚Ėą‚ĖÄ‚ĖÄ ‚Ėą‚ĖÄ‚Ėą
‚Ėą‚ĖĄ‚Ėą ‚Ėą‚ĖĄ‚ĖĄ  ‚Ėą   ‚Ėą  ‚Ėą‚ĖĄ‚ĖĄ ‚Ėą‚ĖÄ‚ĖĄ

%c‚õďÔłŹ Just a Better Chatbot
https://github.com/cgoinglove/better-chatbot color: #00d4ff; font-weight: bold; font-family: monospace; font-size: 16px; text-shadow: 0 0 10px #00d4ff; color: #888; font-size: 12px; @ http://localhost:3001/_next/static/chunks/86321_next_dist_9041aadd._.js:1053
[    2191ms] [LOG] %c‚Ėą‚ĖĄ‚ĖĄ ‚Ėą‚ĖÄ‚ĖÄ ‚ĖÄ‚Ėą‚ĖÄ ‚ĖÄ‚Ėą‚ĖÄ ‚Ėą‚ĖÄ‚ĖÄ ‚Ėą‚ĖÄ‚Ėą
‚Ėą‚ĖĄ‚Ėą ‚Ėą‚ĖĄ‚ĖĄ  ‚Ėą   ‚Ėą  ‚Ėą‚ĖĄ‚ĖĄ ‚Ėą‚ĖÄ‚ĖĄ

%c‚õďÔłŹ Just a Better Chatbot
https://github.com/cgoinglove/better-chatbot color: #00d4ff; font-weight: bold; font-family: monospace; font-size: 16px; text-shadow: 0 0 10px #00d4ff; color: #888; font-size: 12px; @ http://localhost:3001/_next/static/chunks/86321_next_dist_9041aadd._.js:1053
[    2249ms] [LOG] [Fast Refresh] rebuilding @ http://localhost:3001/_next/static/chunks/86321_next_dist_9041aadd._.js:1053
[    2412ms] [LOG] [Fast Refresh] done in 322ms @ http://localhost:3001/_next/static/chunks/86321_next_dist_9041aadd._.js:1053
[    2539ms] [LOG] [Fast Refresh] rebuilding @ http://localhost:3001/_next/static/chunks/86321_next_dist_9041aadd._.js:1053
[    2676ms] [LOG] [Fast Refresh] done in 239ms @ http://localhost:3001/_next/static/chunks/86321_next_dist_9041aadd._.js:1053
[    3035ms] [LOG] [Fast Refresh] rebuilding @ http://localhost:3001/_next/static/chunks/86321_next_dist_9041aadd._.js:1053
[    3035ms] [LOG] [Fast Refresh] done in 101ms @ http://localhost:3001/_next/static/chunks/86321_next_dist_9041aadd._.js:1053
[    3162ms] [LOG] [Fast Refresh] rebuilding @ http://localhost:3001/_next/static/chunks/86321_next_dist_9041aadd._.js:1053
[    3304ms] [LOG] [Fast Refresh] done in 242ms @ http://localhost:3001/_next/static/chunks/86321_next_dist_9041aadd._.js:1053
[    3418ms] [LOG] [Fast Refresh] rebuilding @ http://localhost:3001/_next/static/chunks/86321_next_dist_9041aadd._.js:1053
[    3562ms] [LOG] [Fast Refresh] done in 245ms @ http://localhost:3001/_next/static/chunks/86321_next_dist_9041aadd._.js:1053
[    3925ms] [LOG] [Fast Refresh] rebuilding @ http://localhost:3001/_next/static/chunks/86321_next_dist_9041aadd._.js:1053
[    4130ms] [LOG] [Fast Refresh] done in 307ms @ http://localhost:3001/_next/static/chunks/86321_next_dist_9041aadd._.js:1053
[   13715ms] [ERROR] Failed to load resource: the server responded with a status of 403 (FORBIDDEN) @ http://localhost:3001/api/auth/sign-in/email:0
