[     266ms] [INFO] %cDownload the React DevTools for a better development experience: https://react.dev/link/react-devtools font-weight:bold @ http://localhost:3001/_next/static/chunks/86321_next_dist_9041aadd._.js:1053
[     282ms] [LOG] [HMR] connected @ http://localhost:3001/_next/static/chunks/86321_next_dist_9041aadd._.js:1053
[     500ms] [LOG] %c█▄▄ █▀▀ ▀█▀ ▀█▀ █▀▀ █▀█
█▄█ █▄▄  █   █  █▄▄ █▀▄

%c⛓️ Just a Better Chatbot
https://github.com/cgoinglove/better-chatbot color: #00d4ff; font-weight: bold; font-family: monospace; font-size: 16px; text-shadow: 0 0 10px #00d4ff; color: #888; font-size: 12px; @ http://localhost:3001/_next/static/chunks/86321_next_dist_9041aadd._.js:1053
[     502ms] [LOG] %c█▄▄ █▀▀ ▀█▀ ▀█▀ █▀▀ █▀█
█▄█ █▄▄  █   █  █▄▄ █▀▄

%c⛓️ Just a Better Chatbot
https://github.com/cgoinglove/better-chatbot color: #00d4ff; font-weight: bold; font-family: monospace; font-size: 16px; text-shadow: 0 0 10px #00d4ff; color: #888; font-size: 12px; @ http://localhost:3001/_next/static/chunks/86321_next_dist_9041aadd._.js:1053
[   52179ms] [LOG] [Fast Refresh] rebuilding @ http://localhost:3001/_next/static/chunks/86321_next_dist_9041aadd._.js:1053
[   53593ms] [LOG] [Fast Refresh] done in 1515ms @ http://localhost:3001/_next/static/chunks/86321_next_dist_9041aadd._.js:1053
[   53595ms] [ERROR] Failed to load resource: the server responded with a status of 500 (Internal Server Error) @ http://localhost:3001/api/storage/upload:0
[   81247ms] [LOG] [Fast Refresh] rebuilding @ http://localhost:3001/_next/static/chunks/86321_next_dist_9041aadd._.js:1053
[   83462ms] [LOG] [Fast Refresh] done in 2306ms @ http://localhost:3001/_next/static/chunks/86321_next_dist_9041aadd._.js:1053
[   84609ms] [INFO] %cDownload the React DevTools for a better development experience: https://react.dev/link/react-devtools font-weight:bold @ http://localhost:3001/_next/static/chunks/86321_next_dist_9041aadd._.js:1053
[   84641ms] [LOG] [HMR] connected @ http://localhost:3001/_next/static/chunks/86321_next_dist_9041aadd._.js:1053
[   84862ms] [LOG] %c█▄▄ █▀▀ ▀█▀ ▀█▀ █▀▀ █▀█
█▄█ █▄▄  █   █  █▄▄ █▀▄

%c⛓️ Just a Better Chatbot
https://github.com/cgoinglove/better-chatbot color: #00d4ff; font-weight: bold; font-family: monospace; font-size: 16px; text-shadow: 0 0 10px #00d4ff; color: #888; font-size: 12px; @ http://localhost:3001/_next/static/chunks/86321_next_dist_9041aadd._.js:1053
[   84864ms] [LOG] %c█▄▄ █▀▀ ▀█▀ ▀█▀ █▀▀ █▀█
█▄█ █▄▄  █   █  █▄▄ █▀▄

%c⛓️ Just a Better Chatbot
https://github.com/cgoinglove/better-chatbot color: #00d4ff; font-weight: bold; font-family: monospace; font-size: 16px; text-shadow: 0 0 10px #00d4ff; color: #888; font-size: 12px; @ http://localhost:3001/_next/static/chunks/86321_next_dist_9041aadd._.js:1053
[   91667ms] [LOG] [Fast Refresh] rebuilding @ http://localhost:3001/_next/static/chunks/86321_next_dist_9041aadd._.js:1053
[   93578ms] [LOG] [Fast Refresh] done in 1978ms @ http://localhost:3001/_next/static/chunks/86321_next_dist_9041aadd._.js:1053
[   94595ms] [INFO] %cDownload the React DevTools for a better development experience: https://react.dev/link/react-devtools font-weight:bold @ http://localhost:3001/_next/static/chunks/86321_next_dist_9041aadd._.js:1053
[   94610ms] [LOG] [HMR] connected @ http://localhost:3001/_next/static/chunks/86321_next_dist_9041aadd._.js:1053
[   95081ms] [LOG] %c█▄▄ █▀▀ ▀█▀ ▀█▀ █▀▀ █▀█
█▄█ █▄▄  █   █  █▄▄ █▀▄

%c⛓️ Just a Better Chatbot
https://github.com/cgoinglove/better-chatbot color: #00d4ff; font-weight: bold; font-family: monospace; font-size: 16px; text-shadow: 0 0 10px #00d4ff; color: #888; font-size: 12px; @ http://localhost:3001/_next/static/chunks/86321_next_dist_9041aadd._.js:1053
[   95083ms] [LOG] %c█▄▄ █▀▀ ▀█▀ ▀█▀ █▀▀ █▀█
█▄█ █▄▄  █   █  █▄▄ █▀▄

%c⛓️ Just a Better Chatbot
https://github.com/cgoinglove/better-chatbot color: #00d4ff; font-weight: bold; font-family: monospace; font-size: 16px; text-shadow: 0 0 10px #00d4ff; color: #888; font-size: 12px; @ http://localhost:3001/_next/static/chunks/86321_next_dist_9041aadd._.js:1053
[   95123ms] [LOG] [Fast Refresh] rebuilding @ http://localhost:3001/_next/static/chunks/86321_next_dist_9041aadd._.js:1053
[   95218ms] [LOG] [Fast Refresh] done in 195ms @ http://localhost:3001/_next/static/chunks/86321_next_dist_9041aadd._.js:1053
