[     346ms] [INFO] %cDownload the React DevTools for a better development experience: https://react.dev/link/react-devtools font-weight:bold @ http://localhost:3001/_next/static/chunks/86321_next_dist_9041aadd._.js:1053
[     376ms] [LOG] [HMR] connected @ http://localhost:3001/_next/static/chunks/86321_next_dist_9041aadd._.js:1053
[     598ms] [LOG] %c‚Ėą‚ĖĄ‚ĖĄ ‚Ėą‚ĖÄ‚ĖÄ ‚ĖÄ‚Ėą‚ĖÄ ‚ĖÄ‚Ėą‚ĖÄ ‚Ėą‚ĖÄ‚ĖÄ ‚Ėą‚ĖÄ‚Ėą
‚Ėą‚ĖĄ‚Ėą ‚Ėą‚ĖĄ‚ĖĄ  ‚Ėą   ‚Ėą  ‚Ėą‚ĖĄ‚ĖĄ ‚Ėą‚ĖÄ‚ĖĄ

%c‚õďÔłŹ Just a Better Chatbot
https://github.com/cgoinglove/better-chatbot color: #00d4ff; font-weight: bold; font-family: monospace; font-size: 16px; text-shadow: 0 0 10px #00d4ff; color: #888; font-size: 12px; @ http://localhost:3001/_next/static/chunks/86321_next_dist_9041aadd._.js:1053
[     601ms] [LOG] %c‚Ėą‚ĖĄ‚ĖĄ ‚Ėą‚ĖÄ‚ĖÄ ‚ĖÄ‚Ėą‚ĖÄ ‚ĖÄ‚Ėą‚ĖÄ ‚Ėą‚ĖÄ‚ĖÄ ‚Ėą‚ĖÄ‚Ėą
‚Ėą‚ĖĄ‚Ėą ‚Ėą‚ĖĄ‚ĖĄ  ‚Ėą   ‚Ėą  ‚Ėą‚ĖĄ‚ĖĄ ‚Ėą‚ĖÄ‚ĖĄ

%c‚õďÔłŹ Just a Better Chatbot
https://github.com/cgoinglove/better-chatbot color: #00d4ff; font-weight: bold; font-family: monospace; font-size: 16px; text-shadow: 0 0 10px #00d4ff; color: #888; font-size: 12px; @ http://localhost:3001/_next/static/chunks/86321_next_dist_9041aadd._.js:1053
[  245163ms] [LOG] [Fast Refresh] rebuilding @ http://localhost:3001/_next/static/chunks/86321_next_dist_9041aadd._.js:1053
[  245438ms] [LOG] [Fast Refresh] done in 63ms @ http://localhost:3001/_next/static/chunks/86321_next_dist_9041aadd._.js:1053
[  245580ms] [LOG] %c‚Ėą‚ĖĄ‚ĖĄ ‚Ėą‚ĖÄ‚ĖÄ ‚ĖÄ‚Ėą‚ĖÄ ‚ĖÄ‚Ėą‚ĖÄ ‚Ėą‚ĖÄ‚ĖÄ ‚Ėą‚ĖÄ‚Ėą
‚Ėą‚ĖĄ‚Ėą ‚Ėą‚ĖĄ‚ĖĄ  ‚Ėą   ‚Ėą  ‚Ėą‚ĖĄ‚ĖĄ ‚Ėą‚ĖÄ‚ĖĄ

%c‚õďÔłŹ Just a Better Chatbot
https://github.com/cgoinglove/better-chatbot color: #00d4ff; font-weight: bold; font-family: monospace; font-size: 16px; text-shadow: 0 0 10px #00d4ff; color: #888; font-size: 12px; @ http://localhost:3001/_next/static/chunks/86321_next_dist_9041aadd._.js:1053
[  245582ms] [LOG] %c‚Ėą‚ĖĄ‚ĖĄ ‚Ėą‚ĖÄ‚ĖÄ ‚ĖÄ‚Ėą‚ĖÄ ‚ĖÄ‚Ėą‚ĖÄ ‚Ėą‚ĖÄ‚ĖÄ ‚Ėą‚ĖÄ‚Ėą
‚Ėą‚ĖĄ‚Ėą ‚Ėą‚ĖĄ‚ĖĄ  ‚Ėą   ‚Ėą  ‚Ėą‚ĖĄ‚ĖĄ ‚Ėą‚ĖÄ‚ĖĄ

%c‚õďÔłŹ Just a Better Chatbot
https://github.com/cgoinglove/better-chatbot color: #00d4ff; font-weight: bold; font-family: monospace; font-size: 16px; text-shadow: 0 0 10px #00d4ff; color: #888; font-size: 12px; @ http://localhost:3001/_next/static/chunks/86321_next_dist_9041aadd._.js:1053
[  245727ms] [LOG] [Fast Refresh] rebuilding @ http://localhost:3001/_next/static/chunks/86321_next_dist_9041aadd._.js:1053
[  245812ms] [LOG] [Fast Refresh] done in 185ms @ http://localhost:3001/_next/static/chunks/86321_next_dist_9041aadd._.js:1053
[  245935ms] [LOG] [Fast Refresh] rebuilding @ http://localhost:3001/_next/static/chunks/86321_next_dist_9041aadd._.js:1053
[  246058ms] [LOG] [Fast Refresh] done in 225ms @ http://localhost:3001/_next/static/chunks/86321_next_dist_9041aadd._.js:1053
[  246607ms] [LOG] [Fast Refresh] rebuilding @ http://localhost:3001/_next/static/chunks/86321_next_dist_9041aadd._.js:1053
[  246802ms] [LOG] [Fast Refresh] done in 295ms @ http://localhost:3001/_next/static/chunks/86321_next_dist_9041aadd._.js:1053
[  247141ms] [LOG] [Fast Refresh] rebuilding @ http://localhost:3001/_next/static/chunks/86321_next_dist_9041aadd._.js:1053
[  247259ms] [LOG] [Fast Refresh] done in 220ms @ http://localhost:3001/_next/static/chunks/86321_next_dist_9041aadd._.js:1053
[  254175ms] [LOG] [Fast Refresh] rebuilding @ http://localhost:3001/_next/static/chunks/86321_next_dist_9041aadd._.js:1053
[  254178ms] [LOG] [Fast Refresh] done in 106ms @ http://localhost:3001/_next/static/chunks/86321_next_dist_9041aadd._.js:1053
[  299496ms] [LOG] [Fast Refresh] rebuilding @ http://localhost:3001/_next/static/chunks/86321_next_dist_9041aadd._.js:1053
[  299575ms] [LOG] [Fast Refresh] done in 136ms @ http://localhost:3001/_next/static/chunks/86321_next_dist_9041aadd._.js:1053
[  313890ms] [LOG] %c‚Ėą‚ĖĄ‚ĖĄ ‚Ėą‚ĖÄ‚ĖÄ ‚ĖÄ‚Ėą‚ĖÄ ‚ĖÄ‚Ėą‚ĖÄ ‚Ėą‚ĖÄ‚ĖÄ ‚Ėą‚ĖÄ‚Ėą
‚Ėą‚ĖĄ‚Ėą ‚Ėą‚ĖĄ‚ĖĄ  ‚Ėą   ‚Ėą  ‚Ėą‚ĖĄ‚ĖĄ ‚Ėą‚ĖÄ‚ĖĄ

%c‚õďÔłŹ Just a Better Chatbot
https://github.com/cgoinglove/better-chatbot color: #00d4ff; font-weight: bold; font-family: monospace; font-size: 16px; text-shadow: 0 0 10px #00d4ff; color: #888; font-size: 12px; @ http://localhost:3001/_next/static/chunks/86321_next_dist_9041aadd._.js:1053
[  313891ms] [LOG] %c‚Ėą‚ĖĄ‚ĖĄ ‚Ėą‚ĖÄ‚ĖÄ ‚ĖÄ‚Ėą‚ĖÄ ‚ĖÄ‚Ėą‚ĖÄ ‚Ėą‚ĖÄ‚ĖÄ ‚Ėą‚ĖÄ‚Ėą
‚Ėą‚ĖĄ‚Ėą ‚Ėą‚ĖĄ‚ĖĄ  ‚Ėą   ‚Ėą  ‚Ėą‚ĖĄ‚ĖĄ ‚Ėą‚ĖÄ‚ĖĄ

%c‚õďÔłŹ Just a Better Chatbot
https://github.com/cgoinglove/better-chatbot color: #00d4ff; font-weight: bold; font-family: monospace; font-size: 16px; text-shadow: 0 0 10px #00d4ff; color: #888; font-size: 12px; @ http://localhost:3001/_next/static/chunks/86321_next_dist_9041aadd._.js:1053
[  313940ms] [LOG] [Fast Refresh] rebuilding @ http://localhost:3001/_next/static/chunks/86321_next_dist_9041aadd._.js:1053
[  313940ms] [LOG] [Fast Refresh] done in 125ms @ http://localhost:3001/_next/static/chunks/86321_next_dist_9041aadd._.js:1053
[  452882ms] [LOG] [Fast Refresh] rebuilding @ http://localhost:3001/_next/static/chunks/86321_next_dist_9041aadd._.js:1053
[  452886ms] [LOG] [Fast Refresh] done in 106ms @ http://localhost:3001/_next/static/chunks/86321_next_dist_9041aadd._.js:1053
[  771162ms] [LOG] [Fast Refresh] rebuilding @ http://localhost:3001/_next/static/chunks/86321_next_dist_9041aadd._.js:1053
[  771361ms] [LOG] [Fast Refresh] done in 302ms @ http://localhost:3001/_next/static/chunks/86321_next_dist_9041aadd._.js:1053
