[     217ms] [INFO] %cDownload the React DevTools for a better development experience: https://react.dev/link/react-devtools font-weight:bold @ http://localhost:3001/_next/static/chunks/86321_next_dist_9041aadd._.js:1053
[     251ms] [LOG] [HMR] connected @ http://localhost:3001/_next/static/chunks/86321_next_dist_9041aadd._.js:1053
[     454ms] [LOG] %c‚Ėą‚ĖĄ‚ĖĄ ‚Ėą‚ĖÄ‚ĖÄ ‚ĖÄ‚Ėą‚ĖÄ ‚ĖÄ‚Ėą‚ĖÄ ‚Ėą‚ĖÄ‚ĖÄ ‚Ėą‚ĖÄ‚Ėą
‚Ėą‚ĖĄ‚Ėą ‚Ėą‚ĖĄ‚ĖĄ  ‚Ėą   ‚Ėą  ‚Ėą‚ĖĄ‚ĖĄ ‚Ėą‚ĖÄ‚ĖĄ

%c‚õďÔłŹ Just a Better Chatbot
https://github.com/cgoinglove/better-chatbot color: #00d4ff; font-weight: bold; font-family: monospace; font-size: 16px; text-shadow: 0 0 10px #00d4ff; color: #888; font-size: 12px; @ http://localhost:3001/_next/static/chunks/86321_next_dist_9041aadd._.js:1053
[     457ms] [LOG] %c‚Ėą‚ĖĄ‚ĖĄ ‚Ėą‚ĖÄ‚ĖÄ ‚ĖÄ‚Ėą‚ĖÄ ‚ĖÄ‚Ėą‚ĖÄ ‚Ėą‚ĖÄ‚ĖÄ ‚Ėą‚ĖÄ‚Ėą
‚Ėą‚ĖĄ‚Ėą ‚Ėą‚ĖĄ‚ĖĄ  ‚Ėą   ‚Ėą  ‚Ėą‚ĖĄ‚ĖĄ ‚Ėą‚ĖÄ‚ĖĄ

%c‚õďÔłŹ Just a Better Chatbot
https://github.com/cgoinglove/better-chatbot color: #00d4ff; font-weight: bold; font-family: monospace; font-size: 16px; text-shadow: 0 0 10px #00d4ff; color: #888; font-size: 12px; @ http://localhost:3001/_next/static/chunks/86321_next_dist_9041aadd._.js:1053
[   93663ms] [INFO] %cDownload the React DevTools for a better development experience: https://react.dev/link/react-devtools font-weight:bold @ http://localhost:3001/_next/static/chunks/86321_next_dist_9041aadd._.js:1053
[   93683ms] [LOG] [HMR] connected @ http://localhost:3001/_next/static/chunks/86321_next_dist_9041aadd._.js:1053
[   93828ms] [VERBOSE] [DOM] Password field is not contained in a form: (More info: https://goo.gl/9p2vKq) %o @ http://localhost:3001/sign-in:0
[   94365ms] [LOG] [Fast Refresh] rebuilding @ http://localhost:3001/_next/static/chunks/86321_next_dist_9041aadd._.js:1053
[   95250ms] [LOG] [Fast Refresh] done in 986ms @ http://localhost:3001/_next/static/chunks/86321_next_dist_9041aadd._.js:1053
[   95498ms] [INFO] %cDownload the React DevTools for a better development experience: https://react.dev/link/react-devtools font-weight:bold @ http://localhost:3001/_next/static/chunks/86321_next_dist_9041aadd._.js:1053
[   95518ms] [LOG] [HMR] connected @ http://localhost:3001/_next/static/chunks/86321_next_dist_9041aadd._.js:1053
[   95693ms] [LOG] %c‚Ėą‚ĖĄ‚ĖĄ ‚Ėą‚ĖÄ‚ĖÄ ‚ĖÄ‚Ėą‚ĖÄ ‚ĖÄ‚Ėą‚ĖÄ ‚Ėą‚ĖÄ‚ĖÄ ‚Ėą‚ĖÄ‚Ėą
‚Ėą‚ĖĄ‚Ėą ‚Ėą‚ĖĄ‚ĖĄ  ‚Ėą   ‚Ėą  ‚Ėą‚ĖĄ‚ĖĄ ‚Ėą‚ĖÄ‚ĖĄ

%c‚õďÔłŹ Just a Better Chatbot
https://github.com/cgoinglove/better-chatbot color: #00d4ff; font-weight: bold; font-family: monospace; font-size: 16px; text-shadow: 0 0 10px #00d4ff; color: #888; font-size: 12px; @ http://localhost:3001/_next/static/chunks/86321_next_dist_9041aadd._.js:1053
[   95695ms] [LOG] %c‚Ėą‚ĖĄ‚ĖĄ ‚Ėą‚ĖÄ‚ĖÄ ‚ĖÄ‚Ėą‚ĖÄ ‚ĖÄ‚Ėą‚ĖÄ ‚Ėą‚ĖÄ‚ĖÄ ‚Ėą‚ĖÄ‚Ėą
‚Ėą‚ĖĄ‚Ėą ‚Ėą‚ĖĄ‚ĖĄ  ‚Ėą   ‚Ėą  ‚Ėą‚ĖĄ‚ĖĄ ‚Ėą‚ĖÄ‚ĖĄ

%c‚õďÔłŹ Just a Better Chatbot
https://github.com/cgoinglove/better-chatbot color: #00d4ff; font-weight: bold; font-family: monospace; font-size: 16px; text-shadow: 0 0 10px #00d4ff; color: #888; font-size: 12px; @ http://localhost:3001/_next/static/chunks/86321_next_dist_9041aadd._.js:1053
[  112047ms] [INFO] %cDownload the React DevTools for a better development experience: https://react.dev/link/react-devtools font-weight:bold @ http://localhost:3001/_next/static/chunks/86321_next_dist_9041aadd._.js:1053
[  112058ms] [LOG] [HMR] connected @ http://localhost:3001/_next/static/chunks/86321_next_dist_9041aadd._.js:1053
[  112190ms] [VERBOSE] [DOM] Password field is not contained in a form: (More info: https://goo.gl/9p2vKq) %o @ http://localhost:3001/sign-in:0
[  112779ms] [LOG] [Fast Refresh] rebuilding @ http://localhost:3001/_next/static/chunks/86321_next_dist_9041aadd._.js:1053
[  113663ms] [LOG] [Fast Refresh] done in 985ms @ http://localhost:3001/_next/static/chunks/86321_next_dist_9041aadd._.js:1053
[  113865ms] [INFO] %cDownload the React DevTools for a better development experience: https://react.dev/link/react-devtools font-weight:bold @ http://localhost:3001/_next/static/chunks/86321_next_dist_9041aadd._.js:1053
[  113888ms] [LOG] [HMR] connected @ http://localhost:3001/_next/static/chunks/86321_next_dist_9041aadd._.js:1053
[  114039ms] [LOG] %c‚Ėą‚ĖĄ‚ĖĄ ‚Ėą‚ĖÄ‚ĖÄ ‚ĖÄ‚Ėą‚ĖÄ ‚ĖÄ‚Ėą‚ĖÄ ‚Ėą‚ĖÄ‚ĖÄ ‚Ėą‚ĖÄ‚Ėą
‚Ėą‚ĖĄ‚Ėą ‚Ėą‚ĖĄ‚ĖĄ  ‚Ėą   ‚Ėą  ‚Ėą‚ĖĄ‚ĖĄ ‚Ėą‚ĖÄ‚ĖĄ

%c‚õďÔłŹ Just a Better Chatbot
https://github.com/cgoinglove/better-chatbot color: #00d4ff; font-weight: bold; font-family: monospace; font-size: 16px; text-shadow: 0 0 10px #00d4ff; color: #888; font-size: 12px; @ http://localhost:3001/_next/static/chunks/86321_next_dist_9041aadd._.js:1053
[  114041ms] [LOG] %c‚Ėą‚ĖĄ‚ĖĄ ‚Ėą‚ĖÄ‚ĖÄ ‚ĖÄ‚Ėą‚ĖÄ ‚ĖÄ‚Ėą‚ĖÄ ‚Ėą‚ĖÄ‚ĖÄ ‚Ėą‚ĖÄ‚Ėą
‚Ėą‚ĖĄ‚Ėą ‚Ėą‚ĖĄ‚ĖĄ  ‚Ėą   ‚Ėą  ‚Ėą‚ĖĄ‚ĖĄ ‚Ėą‚ĖÄ‚ĖĄ

%c‚õďÔłŹ Just a Better Chatbot
https://github.com/cgoinglove/better-chatbot color: #00d4ff; font-weight: bold; font-family: monospace; font-size: 16px; text-shadow: 0 0 10px #00d4ff; color: #888; font-size: 12px; @ http://localhost:3001/_next/static/chunks/86321_next_dist_9041aadd._.js:1053
[  129043ms] [INFO] %cDownload the React DevTools for a better development experience: https://react.dev/link/react-devtools font-weight:bold @ http://localhost:3001/_next/static/chunks/86321_next_dist_9041aadd._.js:1053
[  129057ms] [LOG] [HMR] connected @ http://localhost:3001/_next/static/chunks/86321_next_dist_9041aadd._.js:1053
[  129192ms] [VERBOSE] [DOM] Password field is not contained in a form: (More info: https://goo.gl/9p2vKq) %o @ http://localhost:3001/sign-in:0
[  129731ms] [LOG] [Fast Refresh] rebuilding @ http://localhost:3001/_next/static/chunks/86321_next_dist_9041aadd._.js:1053
[  130634ms] [LOG] [Fast Refresh] done in 1004ms @ http://localhost:3001/_next/static/chunks/86321_next_dist_9041aadd._.js:1053
[  130836ms] [INFO] %cDownload the React DevTools for a better development experience: https://react.dev/link/react-devtools font-weight:bold @ http://localhost:3001/_next/static/chunks/86321_next_dist_9041aadd._.js:1053
[  130858ms] [LOG] [HMR] connected @ http://localhost:3001/_next/static/chunks/86321_next_dist_9041aadd._.js:1053
[  131031ms] [LOG] %c‚Ėą‚ĖĄ‚ĖĄ ‚Ėą‚ĖÄ‚ĖÄ ‚ĖÄ‚Ėą‚ĖÄ ‚ĖÄ‚Ėą‚ĖÄ ‚Ėą‚ĖÄ‚ĖÄ ‚Ėą‚ĖÄ‚Ėą
‚Ėą‚ĖĄ‚Ėą ‚Ėą‚ĖĄ‚ĖĄ  ‚Ėą   ‚Ėą  ‚Ėą‚ĖĄ‚ĖĄ ‚Ėą‚ĖÄ‚ĖĄ

%c‚õďÔłŹ Just a Better Chatbot
https://github.com/cgoinglove/better-chatbot color: #00d4ff; font-weight: bold; font-family: monospace; font-size: 16px; text-shadow: 0 0 10px #00d4ff; color: #888; font-size: 12px; @ http://localhost:3001/_next/static/chunks/86321_next_dist_9041aadd._.js:1053
[  131033ms] [LOG] %c‚Ėą‚ĖĄ‚ĖĄ ‚Ėą‚ĖÄ‚ĖÄ ‚ĖÄ‚Ėą‚ĖÄ ‚ĖÄ‚Ėą‚ĖÄ ‚Ėą‚ĖÄ‚ĖÄ ‚Ėą‚ĖÄ‚Ėą
‚Ėą‚ĖĄ‚Ėą ‚Ėą‚ĖĄ‚ĖĄ  ‚Ėą   ‚Ėą  ‚Ėą‚ĖĄ‚ĖĄ ‚Ėą‚ĖÄ‚ĖĄ

%c‚õďÔłŹ Just a Better Chatbot
https://github.com/cgoinglove/better-chatbot color: #00d4ff; font-weight: bold; font-family: monospace; font-size: 16px; text-shadow: 0 0 10px #00d4ff; color: #888; font-size: 12px; @ http://localhost:3001/_next/static/chunks/86321_next_dist_9041aadd._.js:1053
[  131851ms] [INFO] %cDownload the React DevTools for a better development experience: https://react.dev/link/react-devtools font-weight:bold @ http://localhost:3001/_next/static/chunks/86321_next_dist_9041aadd._.js:1053
[  131866ms] [LOG] [HMR] connected @ http://localhost:3001/_next/static/chunks/86321_next_dist_9041aadd._.js:1053
[  131994ms] [LOG] %c‚Ėą‚ĖĄ‚ĖĄ ‚Ėą‚ĖÄ‚ĖÄ ‚ĖÄ‚Ėą‚ĖÄ ‚ĖÄ‚Ėą‚ĖÄ ‚Ėą‚ĖÄ‚ĖÄ ‚Ėą‚ĖÄ‚Ėą
‚Ėą‚ĖĄ‚Ėą ‚Ėą‚ĖĄ‚ĖĄ  ‚Ėą   ‚Ėą  ‚Ėą‚ĖĄ‚ĖĄ ‚Ėą‚ĖÄ‚ĖĄ

%c‚õďÔłŹ Just a Better Chatbot
https://github.com/cgoinglove/better-chatbot color: #00d4ff; font-weight: bold; font-family: monospace; font-size: 16px; text-shadow: 0 0 10px #00d4ff; color: #888; font-size: 12px; @ http://localhost:3001/_next/static/chunks/86321_next_dist_9041aadd._.js:1053
[  131996ms] [LOG] %c‚Ėą‚ĖĄ‚ĖĄ ‚Ėą‚ĖÄ‚ĖÄ ‚ĖÄ‚Ėą‚ĖÄ ‚ĖÄ‚Ėą‚ĖÄ ‚Ėą‚ĖÄ‚ĖÄ ‚Ėą‚ĖÄ‚Ėą
‚Ėą‚ĖĄ‚Ėą ‚Ėą‚ĖĄ‚ĖĄ  ‚Ėą   ‚Ėą  ‚Ėą‚ĖĄ‚ĖĄ ‚Ėą‚ĖÄ‚ĖĄ

%c‚õďÔłŹ Just a Better Chatbot
https://github.com/cgoinglove/better-chatbot color: #00d4ff; font-weight: bold; font-family: monospace; font-size: 16px; text-shadow: 0 0 10px #00d4ff; color: #888; font-size: 12px; @ http://localhost:3001/_next/static/chunks/86321_next_dist_9041aadd._.js:1053
[  132769ms] [INFO] %cDownload the React DevTools for a better development experience: https://react.dev/link/react-devtools font-weight:bold @ http://localhost:3001/_next/static/chunks/86321_next_dist_9041aadd._.js:1053
[  132786ms] [LOG] [HMR] connected @ http://localhost:3001/_next/static/chunks/86321_next_dist_9041aadd._.js:1053
[  132877ms] [LOG] %c‚Ėą‚ĖĄ‚ĖĄ ‚Ėą‚ĖÄ‚ĖÄ ‚ĖÄ‚Ėą‚ĖÄ ‚ĖÄ‚Ėą‚ĖÄ ‚Ėą‚ĖÄ‚ĖÄ ‚Ėą‚ĖÄ‚Ėą
‚Ėą‚ĖĄ‚Ėą ‚Ėą‚ĖĄ‚ĖĄ  ‚Ėą   ‚Ėą  ‚Ėą‚ĖĄ‚ĖĄ ‚Ėą‚ĖÄ‚ĖĄ

%c‚õďÔłŹ Just a Better Chatbot
https://github.com/cgoinglove/better-chatbot color: #00d4ff; font-weight: bold; font-family: monospace; font-size: 16px; text-shadow: 0 0 10px #00d4ff; color: #888; font-size: 12px; @ http://localhost:3001/_next/static/chunks/86321_next_dist_9041aadd._.js:1053
[  132879ms] [LOG] %c‚Ėą‚ĖĄ‚ĖĄ ‚Ėą‚ĖÄ‚ĖÄ ‚ĖÄ‚Ėą‚ĖÄ ‚ĖÄ‚Ėą‚ĖÄ ‚Ėą‚ĖÄ‚ĖÄ ‚Ėą‚ĖÄ‚Ėą
‚Ėą‚ĖĄ‚Ėą ‚Ėą‚ĖĄ‚ĖĄ  ‚Ėą   ‚Ėą  ‚Ėą‚ĖĄ‚ĖĄ ‚Ėą‚ĖÄ‚ĖĄ

%c‚õďÔłŹ Just a Better Chatbot
https://github.com/cgoinglove/better-chatbot color: #00d4ff; font-weight: bold; font-family: monospace; font-size: 16px; text-shadow: 0 0 10px #00d4ff; color: #888; font-size: 12px; @ http://localhost:3001/_next/static/chunks/86321_next_dist_9041aadd._.js:1053
[  133681ms] [INFO] %cDownload the React DevTools for a better development experience: https://react.dev/link/react-devtools font-weight:bold @ http://localhost:3001/_next/static/chunks/86321_next_dist_9041aadd._.js:1053
[  133695ms] [LOG] [HMR] connected @ http://localhost:3001/_next/static/chunks/86321_next_dist_9041aadd._.js:1053
[  133789ms] [LOG] %c‚Ėą‚ĖĄ‚ĖĄ ‚Ėą‚ĖÄ‚ĖÄ ‚ĖÄ‚Ėą‚ĖÄ ‚ĖÄ‚Ėą‚ĖÄ ‚Ėą‚ĖÄ‚ĖÄ ‚Ėą‚ĖÄ‚Ėą
‚Ėą‚ĖĄ‚Ėą ‚Ėą‚ĖĄ‚ĖĄ  ‚Ėą   ‚Ėą  ‚Ėą‚ĖĄ‚ĖĄ ‚Ėą‚ĖÄ‚ĖĄ

%c‚õďÔłŹ Just a Better Chatbot
https://github.com/cgoinglove/better-chatbot color: #00d4ff; font-weight: bold; font-family: monospace; font-size: 16px; text-shadow: 0 0 10px #00d4ff; color: #888; font-size: 12px; @ http://localhost:3001/_next/static/chunks/86321_next_dist_9041aadd._.js:1053
[  133791ms] [LOG] %c‚Ėą‚ĖĄ‚ĖĄ ‚Ėą‚ĖÄ‚ĖÄ ‚ĖÄ‚Ėą‚ĖÄ ‚ĖÄ‚Ėą‚ĖÄ ‚Ėą‚ĖÄ‚ĖÄ ‚Ėą‚ĖÄ‚Ėą
‚Ėą‚ĖĄ‚Ėą ‚Ėą‚ĖĄ‚ĖĄ  ‚Ėą   ‚Ėą  ‚Ėą‚ĖĄ‚ĖĄ ‚Ėą‚ĖÄ‚ĖĄ

%c‚õďÔłŹ Just a Better Chatbot
https://github.com/cgoinglove/better-chatbot color: #00d4ff; font-weight: bold; font-family: monospace; font-size: 16px; text-shadow: 0 0 10px #00d4ff; color: #888; font-size: 12px; @ http://localhost:3001/_next/static/chunks/86321_next_dist_9041aadd._.js:1053
[  134532ms] [LOG] [Fast Refresh] rebuilding @ http://localhost:3001/_next/static/chunks/86321_next_dist_9041aadd._.js:1053
[  135768ms] [LOG] [Fast Refresh] done in 1338ms @ http://localhost:3001/_next/static/chunks/86321_next_dist_9041aadd._.js:1053
[  135900ms] [INFO] %cDownload the React DevTools for a better development experience: https://react.dev/link/react-devtools font-weight:bold @ http://localhost:3001/_next/static/chunks/86321_next_dist_9041aadd._.js:1053
[  135922ms] [LOG] [HMR] connected @ http://localhost:3001/_next/static/chunks/86321_next_dist_9041aadd._.js:1053
[  136011ms] [LOG] %c‚Ėą‚ĖĄ‚ĖĄ ‚Ėą‚ĖÄ‚ĖÄ ‚ĖÄ‚Ėą‚ĖÄ ‚ĖÄ‚Ėą‚ĖÄ ‚Ėą‚ĖÄ‚ĖÄ ‚Ėą‚ĖÄ‚Ėą
‚Ėą‚ĖĄ‚Ėą ‚Ėą‚ĖĄ‚ĖĄ  ‚Ėą   ‚Ėą  ‚Ėą‚ĖĄ‚ĖĄ ‚Ėą‚ĖÄ‚ĖĄ

%c‚õďÔłŹ Just a Better Chatbot
https://github.com/cgoinglove/better-chatbot color: #00d4ff; font-weight: bold; font-family: monospace; font-size: 16px; text-shadow: 0 0 10px #00d4ff; color: #888; font-size: 12px; @ http://localhost:3001/_next/static/chunks/86321_next_dist_9041aadd._.js:1053
[  136013ms] [LOG] %c‚Ėą‚ĖĄ‚ĖĄ ‚Ėą‚ĖÄ‚ĖÄ ‚ĖÄ‚Ėą‚ĖÄ ‚ĖÄ‚Ėą‚ĖÄ ‚Ėą‚ĖÄ‚ĖÄ ‚Ėą‚ĖÄ‚Ėą
‚Ėą‚ĖĄ‚Ėą ‚Ėą‚ĖĄ‚ĖĄ  ‚Ėą   ‚Ėą  ‚Ėą‚ĖĄ‚ĖĄ ‚Ėą‚ĖÄ‚ĖĄ

%c‚õďÔłŹ Just a Better Chatbot
https://github.com/cgoinglove/better-chatbot color: #00d4ff; font-weight: bold; font-family: monospace; font-size: 16px; text-shadow: 0 0 10px #00d4ff; color: #888; font-size: 12px; @ http://localhost:3001/_next/static/chunks/86321_next_dist_9041aadd._.js:1053
[  136810ms] [INFO] %cDownload the React DevTools for a better development experience: https://react.dev/link/react-devtools font-weight:bold @ http://localhost:3001/_next/static/chunks/86321_next_dist_9041aadd._.js:1053
[  136824ms] [LOG] [HMR] connected @ http://localhost:3001/_next/static/chunks/86321_next_dist_9041aadd._.js:1053
[  136922ms] [LOG] %c‚Ėą‚ĖĄ‚ĖĄ ‚Ėą‚ĖÄ‚ĖÄ ‚ĖÄ‚Ėą‚ĖÄ ‚ĖÄ‚Ėą‚ĖÄ ‚Ėą‚ĖÄ‚ĖÄ ‚Ėą‚ĖÄ‚Ėą
‚Ėą‚ĖĄ‚Ėą ‚Ėą‚ĖĄ‚ĖĄ  ‚Ėą   ‚Ėą  ‚Ėą‚ĖĄ‚ĖĄ ‚Ėą‚ĖÄ‚ĖĄ

%c‚õďÔłŹ Just a Better Chatbot
https://github.com/cgoinglove/better-chatbot color: #00d4ff; font-weight: bold; font-family: monospace; font-size: 16px; text-shadow: 0 0 10px #00d4ff; color: #888; font-size: 12px; @ http://localhost:3001/_next/static/chunks/86321_next_dist_9041aadd._.js:1053
[  136924ms] [LOG] %c‚Ėą‚ĖĄ‚ĖĄ ‚Ėą‚ĖÄ‚ĖÄ ‚ĖÄ‚Ėą‚ĖÄ ‚ĖÄ‚Ėą‚ĖÄ ‚Ėą‚ĖÄ‚ĖÄ ‚Ėą‚ĖÄ‚Ėą
‚Ėą‚ĖĄ‚Ėą ‚Ėą‚ĖĄ‚ĖĄ  ‚Ėą   ‚Ėą  ‚Ėą‚ĖĄ‚ĖĄ ‚Ėą‚ĖÄ‚ĖĄ

%c‚õďÔłŹ Just a Better Chatbot
https://github.com/cgoinglove/better-chatbot color: #00d4ff; font-weight: bold; font-family: monospace; font-size: 16px; text-shadow: 0 0 10px #00d4ff; color: #888; font-size: 12px; @ http://localhost:3001/_next/static/chunks/86321_next_dist_9041aadd._.js:1053
[  137708ms] [INFO] %cDownload the React DevTools for a better development experience: https://react.dev/link/react-devtools font-weight:bold @ http://localhost:3001/_next/static/chunks/86321_next_dist_9041aadd._.js:1053
[  137723ms] [LOG] [HMR] connected @ http://localhost:3001/_next/static/chunks/86321_next_dist_9041aadd._.js:1053
[  137842ms] [LOG] %c‚Ėą‚ĖĄ‚ĖĄ ‚Ėą‚ĖÄ‚ĖÄ ‚ĖÄ‚Ėą‚ĖÄ ‚ĖÄ‚Ėą‚ĖÄ ‚Ėą‚ĖÄ‚ĖÄ ‚Ėą‚ĖÄ‚Ėą
‚Ėą‚ĖĄ‚Ėą ‚Ėą‚ĖĄ‚ĖĄ  ‚Ėą   ‚Ėą  ‚Ėą‚ĖĄ‚ĖĄ ‚Ėą‚ĖÄ‚ĖĄ

%c‚õďÔłŹ Just a Better Chatbot
https://github.com/cgoinglove/better-chatbot color: #00d4ff; font-weight: bold; font-family: monospace; font-size: 16px; text-shadow: 0 0 10px #00d4ff; color: #888; font-size: 12px; @ http://localhost:3001/_next/static/chunks/86321_next_dist_9041aadd._.js:1053
[  137844ms] [LOG] %c‚Ėą‚ĖĄ‚ĖĄ ‚Ėą‚ĖÄ‚ĖÄ ‚ĖÄ‚Ėą‚ĖÄ ‚ĖÄ‚Ėą‚ĖÄ ‚Ėą‚ĖÄ‚ĖÄ ‚Ėą‚ĖÄ‚Ėą
‚Ėą‚ĖĄ‚Ėą ‚Ėą‚ĖĄ‚ĖĄ  ‚Ėą   ‚Ėą  ‚Ėą‚ĖĄ‚ĖĄ ‚Ėą‚ĖÄ‚ĖĄ

%c‚õďÔłŹ Just a Better Chatbot
https://github.com/cgoinglove/better-chatbot color: #00d4ff; font-weight: bold; font-family: monospace; font-size: 16px; text-shadow: 0 0 10px #00d4ff; color: #888; font-size: 12px; @ http://localhost:3001/_next/static/chunks/86321_next_dist_9041aadd._.js:1053
[  207293ms] [INFO] %cDownload the React DevTools for a better development experience: https://react.dev/link/react-devtools font-weight:bold @ http://localhost:3001/_next/static/chunks/86321_next_dist_9041aadd._.js:1053
[  207310ms] [LOG] [HMR] connected @ http://localhost:3001/_next/static/chunks/86321_next_dist_9041aadd._.js:1053
[  207434ms] [LOG] %c‚Ėą‚ĖĄ‚ĖĄ ‚Ėą‚ĖÄ‚ĖÄ ‚ĖÄ‚Ėą‚ĖÄ ‚ĖÄ‚Ėą‚ĖÄ ‚Ėą‚ĖÄ‚ĖÄ ‚Ėą‚ĖÄ‚Ėą
‚Ėą‚ĖĄ‚Ėą ‚Ėą‚ĖĄ‚ĖĄ  ‚Ėą   ‚Ėą  ‚Ėą‚ĖĄ‚ĖĄ ‚Ėą‚ĖÄ‚ĖĄ

%c‚õďÔłŹ Just a Better Chatbot
https://github.com/cgoinglove/better-chatbot color: #00d4ff; font-weight: bold; font-family: monospace; font-size: 16px; text-shadow: 0 0 10px #00d4ff; color: #888; font-size: 12px; @ http://localhost:3001/_next/static/chunks/86321_next_dist_9041aadd._.js:1053
[  207437ms] [LOG] %c‚Ėą‚ĖĄ‚ĖĄ ‚Ėą‚ĖÄ‚ĖÄ ‚ĖÄ‚Ėą‚ĖÄ ‚ĖÄ‚Ėą‚ĖÄ ‚Ėą‚ĖÄ‚ĖÄ ‚Ėą‚ĖÄ‚Ėą
‚Ėą‚ĖĄ‚Ėą ‚Ėą‚ĖĄ‚ĖĄ  ‚Ėą   ‚Ėą  ‚Ėą‚ĖĄ‚ĖĄ ‚Ėą‚ĖÄ‚ĖĄ

%c‚õďÔłŹ Just a Better Chatbot
https://github.com/cgoinglove/better-chatbot color: #00d4ff; font-weight: bold; font-family: monospace; font-size: 16px; text-shadow: 0 0 10px #00d4ff; color: #888; font-size: 12px; @ http://localhost:3001/_next/static/chunks/86321_next_dist_9041aadd._.js:1053
[  218656ms] [INFO] %cDownload the React DevTools for a better development experience: https://react.dev/link/react-devtools font-weight:bold @ http://localhost:3001/_next/static/chunks/86321_next_dist_9041aadd._.js:1053
[  218672ms] [LOG] [HMR] connected @ http://localhost:3001/_next/static/chunks/86321_next_dist_9041aadd._.js:1053
[  218797ms] [LOG] %c‚Ėą‚ĖĄ‚ĖĄ ‚Ėą‚ĖÄ‚ĖÄ ‚ĖÄ‚Ėą‚ĖÄ ‚ĖÄ‚Ėą‚ĖÄ ‚Ėą‚ĖÄ‚ĖÄ ‚Ėą‚ĖÄ‚Ėą
‚Ėą‚ĖĄ‚Ėą ‚Ėą‚ĖĄ‚ĖĄ  ‚Ėą   ‚Ėą  ‚Ėą‚ĖĄ‚ĖĄ ‚Ėą‚ĖÄ‚ĖĄ

%c‚õďÔłŹ Just a Better Chatbot
https://github.com/cgoinglove/better-chatbot color: #00d4ff; font-weight: bold; font-family: monospace; font-size: 16px; text-shadow: 0 0 10px #00d4ff; color: #888; font-size: 12px; @ http://localhost:3001/_next/static/chunks/86321_next_dist_9041aadd._.js:1053
[  218800ms] [LOG] %c‚Ėą‚ĖĄ‚ĖĄ ‚Ėą‚ĖÄ‚ĖÄ ‚ĖÄ‚Ėą‚ĖÄ ‚ĖÄ‚Ėą‚ĖÄ ‚Ėą‚ĖÄ‚ĖÄ ‚Ėą‚ĖÄ‚Ėą
‚Ėą‚ĖĄ‚Ėą ‚Ėą‚ĖĄ‚ĖĄ  ‚Ėą   ‚Ėą  ‚Ėą‚ĖĄ‚ĖĄ ‚Ėą‚ĖÄ‚ĖĄ

%c‚õďÔłŹ Just a Better Chatbot
https://github.com/cgoinglove/better-chatbot color: #00d4ff; font-weight: bold; font-family: monospace; font-size: 16px; text-shadow: 0 0 10px #00d4ff; color: #888; font-size: 12px; @ http://localhost:3001/_next/static/chunks/86321_next_dist_9041aadd._.js:1053
[  231472ms] [INFO] %cDownload the React DevTools for a better development experience: https://react.dev/link/react-devtools font-weight:bold @ http://localhost:3001/_next/static/chunks/86321_next_dist_9041aadd._.js:1053
[  231487ms] [LOG] [HMR] connected @ http://localhost:3001/_next/static/chunks/86321_next_dist_9041aadd._.js:1053
[  231612ms] [LOG] %c‚Ėą‚ĖĄ‚ĖĄ ‚Ėą‚ĖÄ‚ĖÄ ‚ĖÄ‚Ėą‚ĖÄ ‚ĖÄ‚Ėą‚ĖÄ ‚Ėą‚ĖÄ‚ĖÄ ‚Ėą‚ĖÄ‚Ėą
‚Ėą‚ĖĄ‚Ėą ‚Ėą‚ĖĄ‚ĖĄ  ‚Ėą   ‚Ėą  ‚Ėą‚ĖĄ‚ĖĄ ‚Ėą‚ĖÄ‚ĖĄ

%c‚õďÔłŹ Just a Better Chatbot
https://github.com/cgoinglove/better-chatbot color: #00d4ff; font-weight: bold; font-family: monospace; font-size: 16px; text-shadow: 0 0 10px #00d4ff; color: #888; font-size: 12px; @ http://localhost:3001/_next/static/chunks/86321_next_dist_9041aadd._.js:1053
[  231615ms] [LOG] %c‚Ėą‚ĖĄ‚ĖĄ ‚Ėą‚ĖÄ‚ĖÄ ‚ĖÄ‚Ėą‚ĖÄ ‚ĖÄ‚Ėą‚ĖÄ ‚Ėą‚ĖÄ‚ĖÄ ‚Ėą‚ĖÄ‚Ėą
‚Ėą‚ĖĄ‚Ėą ‚Ėą‚ĖĄ‚ĖĄ  ‚Ėą   ‚Ėą  ‚Ėą‚ĖĄ‚ĖĄ ‚Ėą‚ĖÄ‚ĖĄ

%c‚õďÔłŹ Just a Better Chatbot
https://github.com/cgoinglove/better-chatbot color: #00d4ff; font-weight: bold; font-family: monospace; font-size: 16px; text-shadow: 0 0 10px #00d4ff; color: #888; font-size: 12px; @ http://localhost:3001/_next/static/chunks/86321_next_dist_9041aadd._.js:1053
[  240133ms] [INFO] %cDownload the React DevTools for a better development experience: https://react.dev/link/react-devtools font-weight:bold @ http://localhost:3001/_next/static/chunks/86321_next_dist_9041aadd._.js:1053
[  240151ms] [LOG] [HMR] connected @ http://localhost:3001/_next/static/chunks/86321_next_dist_9041aadd._.js:1053
[  240274ms] [LOG] %c‚Ėą‚ĖĄ‚ĖĄ ‚Ėą‚ĖÄ‚ĖÄ ‚ĖÄ‚Ėą‚ĖÄ ‚ĖÄ‚Ėą‚ĖÄ ‚Ėą‚ĖÄ‚ĖÄ ‚Ėą‚ĖÄ‚Ėą
‚Ėą‚ĖĄ‚Ėą ‚Ėą‚ĖĄ‚ĖĄ  ‚Ėą   ‚Ėą  ‚Ėą‚ĖĄ‚ĖĄ ‚Ėą‚ĖÄ‚ĖĄ

%c‚õďÔłŹ Just a Better Chatbot
https://github.com/cgoinglove/better-chatbot color: #00d4ff; font-weight: bold; font-family: monospace; font-size: 16px; text-shadow: 0 0 10px #00d4ff; color: #888; font-size: 12px; @ http://localhost:3001/_next/static/chunks/86321_next_dist_9041aadd._.js:1053
[  240277ms] [LOG] %c‚Ėą‚ĖĄ‚ĖĄ ‚Ėą‚ĖÄ‚ĖÄ ‚ĖÄ‚Ėą‚ĖÄ ‚ĖÄ‚Ėą‚ĖÄ ‚Ėą‚ĖÄ‚ĖÄ ‚Ėą‚ĖÄ‚Ėą
‚Ėą‚ĖĄ‚Ėą ‚Ėą‚ĖĄ‚ĖĄ  ‚Ėą   ‚Ėą  ‚Ėą‚ĖĄ‚ĖĄ ‚Ėą‚ĖÄ‚ĖĄ

%c‚õďÔłŹ Just a Better Chatbot
https://github.com/cgoinglove/better-chatbot color: #00d4ff; font-weight: bold; font-family: monospace; font-size: 16px; text-shadow: 0 0 10px #00d4ff; color: #888; font-size: 12px; @ http://localhost:3001/_next/static/chunks/86321_next_dist_9041aadd._.js:1053
[  240854ms] [ERROR] Failed to load resource: the server responded with a status of 404 (Not Found) @ http://localhost:3001/api/admin/users?limit=50:0
[  243862ms] [WARNING] The resource http://localhost:3001/_next/static/chunks/%5Broot-of-the-server%5D__9e864da8._.css was preloaded using link preload but not used within a few seconds from the window's load event. Please make sure it has an appropriate `as` value and it is preloaded intentionally. @ http://localhost:3001/admin/users:0
[  252426ms] [LOG] [Fast Refresh] rebuilding @ http://localhost:3001/_next/static/chunks/86321_next_dist_9041aadd._.js:1053
[  253625ms] [LOG] [Fast Refresh] done in 1300ms @ http://localhost:3001/_next/static/chunks/86321_next_dist_9041aadd._.js:1053
[  253725ms] [LOG] [Fast Refresh] rebuilding @ http://localhost:3001/_next/static/chunks/86321_next_dist_9041aadd._.js:1053
[  253946ms] [LOG] [Fast Refresh] done in 321ms @ http://localhost:3001/_next/static/chunks/86321_next_dist_9041aadd._.js:1053
[  254416ms] [INFO] %cDownload the React DevTools for a better development experience: https://react.dev/link/react-devtools font-weight:bold @ http://localhost:3001/_next/static/chunks/86321_next_dist_9041aadd._.js:1053
[  254437ms] [LOG] [HMR] connected @ http://localhost:3001/_next/static/chunks/86321_next_dist_9041aadd._.js:1053
[  254568ms] [LOG] %c‚Ėą‚ĖĄ‚ĖĄ ‚Ėą‚ĖÄ‚ĖÄ ‚ĖÄ‚Ėą‚ĖÄ ‚ĖÄ‚Ėą‚ĖÄ ‚Ėą‚ĖÄ‚ĖÄ ‚Ėą‚ĖÄ‚Ėą
‚Ėą‚ĖĄ‚Ėą ‚Ėą‚ĖĄ‚ĖĄ  ‚Ėą   ‚Ėą  ‚Ėą‚ĖĄ‚ĖĄ ‚Ėą‚ĖÄ‚ĖĄ

%c‚õďÔłŹ Just a Better Chatbot
https://github.com/cgoinglove/better-chatbot color: #00d4ff; font-weight: bold; font-family: monospace; font-size: 16px; text-shadow: 0 0 10px #00d4ff; color: #888; font-size: 12px; @ http://localhost:3001/_next/static/chunks/86321_next_dist_9041aadd._.js:1053
[  254570ms] [LOG] %c‚Ėą‚ĖĄ‚ĖĄ ‚Ėą‚ĖÄ‚ĖÄ ‚ĖÄ‚Ėą‚ĖÄ ‚ĖÄ‚Ėą‚ĖÄ ‚Ėą‚ĖÄ‚ĖÄ ‚Ėą‚ĖÄ‚Ėą
‚Ėą‚ĖĄ‚Ėą ‚Ėą‚ĖĄ‚ĖĄ  ‚Ėą   ‚Ėą  ‚Ėą‚ĖĄ‚ĖĄ ‚Ėą‚ĖÄ‚ĖĄ

%c‚õďÔłŹ Just a Better Chatbot
https://github.com/cgoinglove/better-chatbot color: #00d4ff; font-weight: bold; font-family: monospace; font-size: 16px; text-shadow: 0 0 10px #00d4ff; color: #888; font-size: 12px; @ http://localhost:3001/_next/static/chunks/86321_next_dist_9041aadd._.js:1053
[  310590ms] [LOG] [Fast Refresh] rebuilding @ http://localhost:3001/_next/static/chunks/86321_next_dist_9041aadd._.js:1053
[  310683ms] [LOG] [Fast Refresh] done in 99ms @ http://localhost:3001/_next/static/chunks/86321_next_dist_9041aadd._.js:1053
[  344200ms] [LOG] %c‚Ėą‚ĖĄ‚ĖĄ ‚Ėą‚ĖÄ‚ĖÄ ‚ĖÄ‚Ėą‚ĖÄ ‚ĖÄ‚Ėą‚ĖÄ ‚Ėą‚ĖÄ‚ĖÄ ‚Ėą‚ĖÄ‚Ėą
‚Ėą‚ĖĄ‚Ėą ‚Ėą‚ĖĄ‚ĖĄ  ‚Ėą   ‚Ėą  ‚Ėą‚ĖĄ‚ĖĄ ‚Ėą‚ĖÄ‚ĖĄ

%c‚õďÔłŹ Just a Better Chatbot
https://github.com/cgoinglove/better-chatbot color: #00d4ff; font-weight: bold; font-family: monospace; font-size: 16px; text-shadow: 0 0 10px #00d4ff; color: #888; font-size: 12px; @ http://localhost:3001/_next/static/chunks/86321_next_dist_9041aadd._.js:1053
[  344202ms] [LOG] %c‚Ėą‚ĖĄ‚ĖĄ ‚Ėą‚ĖÄ‚ĖÄ ‚ĖÄ‚Ėą‚ĖÄ ‚ĖÄ‚Ėą‚ĖÄ ‚Ėą‚ĖÄ‚ĖÄ ‚Ėą‚ĖÄ‚Ėą
‚Ėą‚ĖĄ‚Ėą ‚Ėą‚ĖĄ‚ĖĄ  ‚Ėą   ‚Ėą  ‚Ėą‚ĖĄ‚ĖĄ ‚Ėą‚ĖÄ‚ĖĄ

%c‚õďÔłŹ Just a Better Chatbot
https://github.com/cgoinglove/better-chatbot color: #00d4ff; font-weight: bold; font-family: monospace; font-size: 16px; text-shadow: 0 0 10px #00d4ff; color: #888; font-size: 12px; @ http://localhost:3001/_next/static/chunks/86321_next_dist_9041aadd._.js:1053
[  524729ms] [LOG] [Fast Refresh] rebuilding @ http://localhost:3001/_next/static/chunks/86321_next_dist_9041aadd._.js:1053
[  524780ms] [LOG] [Fast Refresh] done in 149ms @ http://localhost:3001/_next/static/chunks/86321_next_dist_9041aadd._.js:1053
[  524789ms] [LOG] [Fast Refresh] rebuilding @ http://localhost:3001/_next/static/chunks/86321_next_dist_9041aadd._.js:1053
[  524792ms] [WARNING] [Fast Refresh] performing full reload

Fast Refresh will perform a full reload when you edit a file that's imported by modules outside of the React rendering tree.
You might have a file which exports a React component but also exports a value that is imported by a non-React component file.
Consider migrating the non-React component export to a separate file and importing it into both files.

It is also possible the parent component of the component you edited is a class component, which disables Fast Refresh.
Fast Refresh requires at least one parent function component in your React tree. @ http://localhost:3001/_next/static/chunks/86321_next_dist_9041aadd._.js:1053
[  524881ms] [LOG] [Fast Refresh] done in 79ms @ http://localhost:3001/_next/static/chunks/86321_next_dist_9041aadd._.js:1053
[  524987ms] [LOG] [Fast Refresh] rebuilding @ http://localhost:3001/_next/static/chunks/86321_next_dist_9041aadd._.js:1053
[  525297ms] [LOG] [Fast Refresh] done in 412ms @ http://localhost:3001/_next/static/chunks/86321_next_dist_9041aadd._.js:1053
[  525567ms] [LOG] [Fast Refresh] rebuilding @ http://localhost:3001/_next/static/chunks/86321_next_dist_9041aadd._.js:1053
[  525568ms] [LOG] [Fast Refresh] done in 103ms @ http://localhost:3001/_next/static/chunks/86321_next_dist_9041aadd._.js:1053
[  526114ms] [INFO] %cDownload the React DevTools for a better development experience: https://react.dev/link/react-devtools font-weight:bold @ http://localhost:3001/_next/static/chunks/86321_next_dist_9041aadd._.js:1053
[  526142ms] [LOG] [HMR] connected @ http://localhost:3001/_next/static/chunks/86321_next_dist_9041aadd._.js:1053
[  526288ms] [LOG] %c‚Ėą‚ĖĄ‚ĖĄ ‚Ėą‚ĖÄ‚ĖÄ ‚ĖÄ‚Ėą‚ĖÄ ‚ĖÄ‚Ėą‚ĖÄ ‚Ėą‚ĖÄ‚ĖÄ ‚Ėą‚ĖÄ‚Ėą
‚Ėą‚ĖĄ‚Ėą ‚Ėą‚ĖĄ‚ĖĄ  ‚Ėą   ‚Ėą  ‚Ėą‚ĖĄ‚ĖĄ ‚Ėą‚ĖÄ‚ĖĄ

%c‚õďÔłŹ Just a Better Chatbot
https://github.com/cgoinglove/better-chatbot color: #00d4ff; font-weight: bold; font-family: monospace; font-size: 16px; text-shadow: 0 0 10px #00d4ff; color: #888; font-size: 12px; @ http://localhost:3001/_next/static/chunks/86321_next_dist_9041aadd._.js:1053
[  526291ms] [LOG] %c‚Ėą‚ĖĄ‚ĖĄ ‚Ėą‚ĖÄ‚ĖÄ ‚ĖÄ‚Ėą‚ĖÄ ‚ĖÄ‚Ėą‚ĖÄ ‚Ėą‚ĖÄ‚ĖÄ ‚Ėą‚ĖÄ‚Ėą
‚Ėą‚ĖĄ‚Ėą ‚Ėą‚ĖĄ‚ĖĄ  ‚Ėą   ‚Ėą  ‚Ėą‚ĖĄ‚ĖĄ ‚Ėą‚ĖÄ‚ĖĄ

%c‚õďÔłŹ Just a Better Chatbot
https://github.com/cgoinglove/better-chatbot color: #00d4ff; font-weight: bold; font-family: monospace; font-size: 16px; text-shadow: 0 0 10px #00d4ff; color: #888; font-size: 12px; @ http://localhost:3001/_next/static/chunks/86321_next_dist_9041aadd._.js:1053
[  526452ms] [LOG] [Fast Refresh] rebuilding @ http://localhost:3001/_next/static/chunks/86321_next_dist_9041aadd._.js:1053
[  526556ms] [LOG] [Fast Refresh] done in 206ms @ http://localhost:3001/_next/static/chunks/86321_next_dist_9041aadd._.js:1053
