[     317ms] [INFO] %cDownload the React DevTools for a better development experience: https://react.dev/link/react-devtools font-weight:bold @ http://localhost:3001/_next/static/chunks/86321_next_dist_9041aadd._.js:1053
[     334ms] [LOG] [HMR] connected @ http://localhost:3001/_next/static/chunks/86321_next_dist_9041aadd._.js:1053
[     511ms] [LOG] %cв–Ҳв–„в–„ в–Ҳв–Җв–Җ в–Җв–Ҳв–Җ в–Җв–Ҳв–Җ в–Ҳв–Җв–Җ в–Ҳв–Җв–Ҳ
в–Ҳв–„в–Ҳ в–Ҳв–„в–„  в–Ҳ   в–Ҳ  в–Ҳв–„в–„ в–Ҳв–Җв–„

%cвӣ“пёҸ Just a Better Chatbot
https://github.com/cgoinglove/better-chatbot color: #00d4ff; font-weight: bold; font-family: monospace; font-size: 16px; text-shadow: 0 0 10px #00d4ff; color: #888; font-size: 12px; @ http://localhost:3001/_next/static/chunks/86321_next_dist_9041aadd._.js:1053
[     512ms] [LOG] %cв–Ҳв–„в–„ в–Ҳв–Җв–Җ в–Җв–Ҳв–Җ в–Җв–Ҳв–Җ в–Ҳв–Җв–Җ в–Ҳв–Җв–Ҳ
в–Ҳв–„в–Ҳ в–Ҳв–„в–„  в–Ҳ   в–Ҳ  в–Ҳв–„в–„ в–Ҳв–Җв–„

%cвӣ“пёҸ Just a Better Chatbot
https://github.com/cgoinglove/better-chatbot color: #00d4ff; font-weight: bold; font-family: monospace; font-size: 16px; text-shadow: 0 0 10px #00d4ff; color: #888; font-size: 12px; @ http://localhost:3001/_next/static/chunks/86321_next_dist_9041aadd._.js:1053
[   40706ms] [LOG] %cв–Ҳв–„в–„ в–Ҳв–Җв–Җ в–Җв–Ҳв–Җ в–Җв–Ҳв–Җ в–Ҳв–Җв–Җ в–Ҳв–Җв–Ҳ
в–Ҳв–„в–Ҳ в–Ҳв–„в–„  в–Ҳ   в–Ҳ  в–Ҳв–„в–„ в–Ҳв–Җв–„

%cвӣ“пёҸ Just a Better Chatbot
https://github.com/cgoinglove/better-chatbot color: #00d4ff; font-weight: bold; font-family: monospace; font-size: 16px; text-shadow: 0 0 10px #00d4ff; color: #888; font-size: 12px; @ http://localhost:3001/_next/static/chunks/86321_next_dist_9041aadd._.js:1053
[   40707ms] [LOG] %cв–Ҳв–„в–„ в–Ҳв–Җв–Җ в–Җв–Ҳв–Җ в–Җв–Ҳв–Җ в–Ҳв–Җв–Җ в–Ҳв–Җв–Ҳ
в–Ҳв–„в–Ҳ в–Ҳв–„в–„  в–Ҳ   в–Ҳ  в–Ҳв–„в–„ в–Ҳв–Җв–„

%cвӣ“пёҸ Just a Better Chatbot
https://github.com/cgoinglove/better-chatbot color: #00d4ff; font-weight: bold; font-family: monospace; font-size: 16px; text-shadow: 0 0 10px #00d4ff; color: #888; font-size: 12px; @ http://localhost:3001/_next/static/chunks/86321_next_dist_9041aadd._.js:1053
[   56053ms] [LOG] [Fast Refresh] rebuilding @ http://localhost:3001/_next/static/chunks/86321_next_dist_9041aadd._.js:1053
[   57270ms] [LOG] [Fast Refresh] done in 1317ms @ http://localhost:3001/_next/static/chunks/86321_next_dist_9041aadd._.js:1053
[   57372ms] [LOG] [Fast Refresh] rebuilding @ http://localhost:3001/_next/static/chunks/86321_next_dist_9041aadd._.js:1053
[   57570ms] [LOG] [Fast Refresh] done in 299ms @ http://localhost:3001/_next/static/chunks/86321_next_dist_9041aadd._.js:1053
[   57995ms] [LOG] [Fast Refresh] rebuilding @ http://localhost:3001/_next/static/chunks/86321_next_dist_9041aadd._.js:1053
[   58125ms] [LOG] [Fast Refresh] done in 232ms @ http://localhost:3001/_next/static/chunks/86321_next_dist_9041aadd._.js:1053
[   86693ms] [LOG] %cв–Ҳв–„в–„ в–Ҳв–Җв–Җ в–Җв–Ҳв–Җ в–Җв–Ҳв–Җ в–Ҳв–Җв–Җ в–Ҳв–Җв–Ҳ
в–Ҳв–„в–Ҳ в–Ҳв–„в–„  в–Ҳ   в–Ҳ  в–Ҳв–„в–„ в–Ҳв–Җв–„

%cвӣ“пёҸ Just a Better Chatbot
https://github.com/cgoinglove/better-chatbot color: #00d4ff; font-weight: bold; font-family: monospace; font-size: 16px; text-shadow: 0 0 10px #00d4ff; color: #888; font-size: 12px; @ http://localhost:3001/_next/static/chunks/86321_next_dist_9041aadd._.js:1053
[   86694ms] [LOG] %cв–Ҳв–„в–„ в–Ҳв–Җв–Җ в–Җв–Ҳв–Җ в–Җв–Ҳв–Җ в–Ҳв–Җв–Җ в–Ҳв–Җв–Ҳ
в–Ҳв–„в–Ҳ в–Ҳв–„в–„  в–Ҳ   в–Ҳ  в–Ҳв–„в–„ в–Ҳв–Җв–„

%cвӣ“пёҸ Just a Better Chatbot
https://github.com/cgoinglove/better-chatbot color: #00d4ff; font-weight: bold; font-family: monospace; font-size: 16px; text-shadow: 0 0 10px #00d4ff; color: #888; font-size: 12px; @ http://localhost:3001/_next/static/chunks/86321_next_dist_9041aadd._.js:1053
