[     119ms] [INFO] %cDownload the React DevTools for a better development experience: https://react.dev/link/react-devtools font-weight:bold @ http://localhost:3001/_next/static/chunks/86321_next_dist_9041aadd._.js:1053
[     128ms] [LOG] [HMR] connected @ http://localhost:3001/_next/static/chunks/86321_next_dist_9041aadd._.js:1053
[     468ms] [LOG] %c█▄▄ █▀▀ ▀█▀ ▀█▀ █▀▀ █▀█
█▄█ █▄▄  █   █  █▄▄ █▀▄

%c⛓️ Just a Better Chatbot
https://github.com/cgoinglove/better-chatbot color: #00d4ff; font-weight: bold; font-family: monospace; font-size: 16px; text-shadow: 0 0 10px #00d4ff; color: #888; font-size: 12px; @ http://localhost:3001/_next/static/chunks/86321_next_dist_9041aadd._.js:1053
[     472ms] [LOG] %c█▄▄ █▀▀ ▀█▀ ▀█▀ █▀▀ █▀█
█▄█ █▄▄  █   █  █▄▄ █▀▄

%c⛓️ Just a Better Chatbot
https://github.com/cgoinglove/better-chatbot color: #00d4ff; font-weight: bold; font-family: monospace; font-size: 16px; text-shadow: 0 0 10px #00d4ff; color: #888; font-size: 12px; @ http://localhost:3001/_next/static/chunks/86321_next_dist_9041aadd._.js:1053
[   22542ms] [ERROR] Failed to load resource: the server responded with a status of 500 (Internal Server Error) @ http://localhost:3001/api/auth/sign-out:0
[   36402ms] [LOG] [Fast Refresh] rebuilding @ http://localhost:3001/_next/static/chunks/86321_next_dist_9041aadd._.js:1053
[   37285ms] [LOG] [Fast Refresh] done in 986ms @ http://localhost:3001/_next/static/chunks/86321_next_dist_9041aadd._.js:1053
[   48380ms] [LOG] [Fast Refresh] rebuilding @ http://localhost:3001/_next/static/chunks/86321_next_dist_9041aadd._.js:1053
[   49277ms] [LOG] [Fast Refresh] done in 1000ms @ http://localhost:3001/_next/static/chunks/86321_next_dist_9041aadd._.js:1053
[   54846ms] [LOG] [Fast Refresh] rebuilding @ http://localhost:3001/_next/static/chunks/86321_next_dist_9041aadd._.js:1053
[   55737ms] [LOG] [Fast Refresh] done in 994ms @ http://localhost:3001/_next/static/chunks/86321_next_dist_9041aadd._.js:1053
[   73172ms] [LOG] [Fast Refresh] rebuilding @ http://localhost:3001/_next/static/chunks/86321_next_dist_9041aadd._.js:1053
[   74075ms] [LOG] [Fast Refresh] done in 1003ms @ http://localhost:3001/_next/static/chunks/86321_next_dist_9041aadd._.js:1053
[   74195ms] [LOG] [Fast Refresh] rebuilding @ http://localhost:3001/_next/static/chunks/86321_next_dist_9041aadd._.js:1053
[   75094ms] [LOG] [Fast Refresh] done in 1002ms @ http://localhost:3001/_next/static/chunks/86321_next_dist_9041aadd._.js:1053
[   75214ms] [LOG] [Fast Refresh] rebuilding @ http://localhost:3001/_next/static/chunks/86321_next_dist_9041aadd._.js:1053
[   76098ms] [LOG] [Fast Refresh] done in 986ms @ http://localhost:3001/_next/static/chunks/86321_next_dist_9041aadd._.js:1053
[   88548ms] [LOG] [Fast Refresh] rebuilding @ http://localhost:3001/_next/static/chunks/86321_next_dist_9041aadd._.js:1053
[   89451ms] [LOG] [Fast Refresh] done in 1005ms @ http://localhost:3001/_next/static/chunks/86321_next_dist_9041aadd._.js:1053
[   89571ms] [LOG] [Fast Refresh] rebuilding @ http://localhost:3001/_next/static/chunks/86321_next_dist_9041aadd._.js:1053
[   90452ms] [LOG] [Fast Refresh] done in 982ms @ http://localhost:3001/_next/static/chunks/86321_next_dist_9041aadd._.js:1053
[   90671ms] [LOG] [Fast Refresh] rebuilding @ http://localhost:3001/_next/static/chunks/86321_next_dist_9041aadd._.js:1053
[   90711ms] [LOG] [Fast Refresh] done in 140ms @ http://localhost:3001/_next/static/chunks/86321_next_dist_9041aadd._.js:1053
[  112219ms] [LOG] [Fast Refresh] rebuilding @ http://localhost:3001/_next/static/chunks/86321_next_dist_9041aadd._.js:1053
[  113121ms] [LOG] [Fast Refresh] done in 1003ms @ http://localhost:3001/_next/static/chunks/86321_next_dist_9041aadd._.js:1053
[  113241ms] [LOG] [Fast Refresh] rebuilding @ http://localhost:3001/_next/static/chunks/86321_next_dist_9041aadd._.js:1053
[  114122ms] [LOG] [Fast Refresh] done in 983ms @ http://localhost:3001/_next/static/chunks/86321_next_dist_9041aadd._.js:1053
[  125942ms] [ERROR] Failed to load resource: the server responded with a status of 500 (Internal Server Error) @ http://localhost:3001/api/auth/sign-out:0
[  143683ms] [ERROR] Failed to load resource: the server responded with a status of 403 (FORBIDDEN) @ http://localhost:3001/api/auth/sign-out:0
